
C:\Sites\ruby_on_rails_tutorial>rails new first_app
      create
      create  README.rdoc
      create  Rakefile
      create  config.ru
      create  .gitignore
      create  Gemfile
      create  app
      create  app/assets/images/rails.png
      create  app/assets/javascripts/application.js
      create  app/assets/stylesheets/application.css
      create  app/controllers/application_controller.rb
      create  app/helpers/application_helper.rb
      create  app/views/layouts/application.html.erb
      create  app/mailers/.gitkeep
      create  app/models/.gitkeep
      create  config
      create  config/routes.rb
      create  config/application.rb
      create  config/environment.rb
      create  config/environments
      create  config/environments/development.rb
      create  config/environments/production.rb
      create  config/environments/test.rb
      create  config/initializers
      create  config/initializers/backtrace_silencers.rb
      create  config/initializers/inflections.rb
      create  config/initializers/mime_types.rb
      create  config/initializers/secret_token.rb
      create  config/initializers/session_store.rb
      create  config/initializers/wrap_parameters.rb
      create  config/locales
      create  config/locales/en.yml
      create  config/boot.rb
      create  config/database.yml
      create  db
      create  db/seeds.rb
      create  doc
      create  doc/README_FOR_APP
      create  lib
      create  lib/tasks
      create  lib/tasks/.gitkeep
      create  lib/assets
      create  lib/assets/.gitkeep
      create  log
      create  log/.gitkeep
      create  public
      create  public/404.html
      create  public/422.html
      create  public/500.html
      create  public/favicon.ico
      create  public/index.html
      create  public/robots.txt
      create  script
      create  script/rails
      create  test/fixtures
      create  test/fixtures/.gitkeep
      create  test/functional
      create  test/functional/.gitkeep
      create  test/integration
      create  test/integration/.gitkeep
      create  test/unit
      create  test/unit/.gitkeep
      create  test/performance/browsing_test.rb
      create  test/test_helper.rb
      create  tmp/cache
      create  tmp/cache/assets
      create  vendor/assets/javascripts
      create  vendor/assets/javascripts/.gitkeep
      create  vendor/assets/stylesheets
      create  vendor/assets/stylesheets/.gitkeep
      create  vendor/plugins
      create  vendor/plugins/.gitkeep
         run  bundle install
Fetching gem metadata from https://rubygems.org/...........
Fetching gem metadata from https://rubygems.org/..
Resolving dependencies...
Installing rake (10.1.0)
Using i18n (0.6.1)
Installing multi_json (1.7.7)
Using activesupport (3.2.13)
Using builder (3.0.4)
Using activemodel (3.2.13)
Using erubis (2.7.0)
Using journey (1.0.4)
Using rack (1.4.5)
Using rack-cache (1.2)
Using rack-test (0.6.2)
Installing hike (1.2.3)
Installing tilt (1.4.1)
Using sprockets (2.2.2)
Using actionpack (3.2.13)
Installing mime-types (1.23)
Using polyglot (0.3.3)
Installing treetop (1.4.14)
Installing mail (2.5.4)
Using actionmailer (3.2.13)
Using arel (3.0.2)
Using tzinfo (0.3.37)
Using activerecord (3.2.13)
Using activeresource (3.2.13)
Using bundler (1.3.4)
Installing coffee-script-source (1.6.3)
Using execjs (1.4.0)
Using coffee-script (2.2.0)
Using rack-ssl (1.3.3)
Installing json (1.8.0)
Installing rdoc (3.12.2)
Installing thor (0.18.1)
Using railties (3.2.13)
Using coffee-rails (3.2.2)
Installing jquery-rails (3.0.2)
Using rails (3.2.13)
Installing sass (3.2.9)
Using sass-rails (3.2.6)
Using sqlite3 (1.3.7)
Installing uglifier (2.1.1)
Your bundle is complete!
Use `bundle show [gemname]` to see where a bundled gem is installed.
Post-install message from rdoc:
Depending on your version of ruby, you may need to install ruby rdoc/ri data:

<= 1.8.6 : unsupported
 = 1.8.7 : gem install rdoc-data; rdoc-data --install
 = 1.9.1 : gem install rdoc-data; rdoc-data --install
>= 1.9.2 : nothing to do! Yay!

C:\Sites\ruby_on_rails_tutorial>C:\Sites\ruby_on_rails_tutorial